
> agoramind@0.1.0 dev
> next dev --turbopack -H 0.0.0.0

   â–² Next.js 15.2.4 (Turbopack)
   - Local:        http://localhost:3000
   - Network:      http://0.0.0.0:3000
   - Environments: .env.local

 âœ“ Starting...
 âœ“ Ready in 795ms
 â—‹ Compiling / ...
 âœ“ Compiled / in 1715ms
 GET / 200 in 1965ms
 âš  The "images.domains" configuration is deprecated. Please use "images.remotePatterns" configuration instead.
 GET /favicon.ico?favicon.45db1c09.ico 200 in 521ms
 â—‹ Compiling /favicon.ico ...
 âœ“ Compiled /favicon.ico in 689ms
 GET /api/auth/session 200 in 1397ms
 âœ“ Compiled /api/user/profile in 359ms
 GET /api/user/profile 200 in 573ms
(node:13613) [DEP0060] DeprecationWarning: The `util._extend` API is deprecated. Please use Object.assign() instead.
(Use `node --trace-deprecation ...` to show where the warning was created)
 â—‹ Compiling /open-chat ...
 âœ“ Compiled /open-chat in 504ms
 GET /open-chat 200 in 538ms
 GET /api/user/profile 200 in 42ms
 GET /api/user/profile 200 in 32ms
ðŸ“ socket.ts: .env.local íŒŒì¼ì„ ì°¾ì•˜ìŠµë‹ˆë‹¤.
âœ… socket.ts: .env.local íŒŒì¼ì—ì„œ ì„¤ì •ì„ ë¡œë“œí–ˆìŠµë‹ˆë‹¤.
socket.ts - API Key source: .env.local íŒŒì¼
socket.ts - API Key check: sk-proj...svYA
Initializing socket server...
Socket.IO server initialized
 GET /api/socket 304 in 81ms
New client connected: AbZ3yQWlDVCOh_FFAAAB
Socket server already running
 GET /api/socket 304 in 14ms
New client connected: oU0pRiYRkK10IYN3AAAD
GET ìš”ì²­ ì²˜ë¦¬ - ì¿¼ë¦¬: {}
 âœ“ Compiled /api/npc/list in 345ms
 GET /api/rooms 304 in 106ms
 GET /api/npc/list 200 in 409ms
GET ìš”ì²­ ì²˜ë¦¬ - ì¿¼ë¦¬: {}
 GET /api/npc/list 200 in 35ms
 GET /api/rooms 304 in 20ms
 GET /api/npc/list 200 in 20ms
 GET /api/npc/list 200 in 19ms
API ìš”ì²­ ë°›ìŒ: POST /api/rooms
POST ìš”ì²­ ì²˜ë¦¬ - ì±„íŒ…ë£¸ ìƒì„±
ðŸ“¢ ìš”ì²­ ë³¸ë¬¸: {
  "title": "why is berlin rent so expensive?",
  "maxParticipants": 10,
  "npcs": [
    "socrates",
    "camus",
    "buddha"
  ],
  "isPublic": true,
  "generateInitialMessage": true,
  "dialogueType": "free",
  "username": "WhiteTrafficLight"
}
ðŸ“¢ ëŒ€í™” íƒ€ìž…: free
ðŸ“¢ ì±„íŒ…ë£¸ ì €ìž¥ ì „ ìµœì¢… ê°ì²´: {
  "id": 1748432995358,
  "title": "why is berlin rent so expensive?",
  "context": "",
  "participants": {
    "users": [
      "User123"
    ],
    "npcs": [
      "socrates",
      "camus",
      "buddha"
    ]
  },
  "totalParticipants": 4,
  "lastActivity": "Just now",
  "messages": [],
  "isPublic": true,
  "dialogueType": "free"
}
ìµœëŒ€ ID ê¸°ë°˜ìœ¼ë¡œ ìƒˆ ID ìƒì„±: 131
ì¹´ìš´í„°ë¥¼ ì•ˆì „í•˜ê²Œ ì—…ë°ì´íŠ¸/ìƒì„±: 131
ìƒˆ ì±„íŒ…ë°©ì— í• ë‹¹ëœ ID: 131
ðŸ’¾ DB ì €ìž¥ ì „ ì±„íŒ…ë°© ë°ì´í„°: {"roomId":131,"title":"why is berlin rent so expensive?","dialogueType":"free"}
ðŸ’¾ ì±„íŒ…ë£¸ì´ ID 131ë¡œ ì €ìž¥ë¨, dialogueType: free
âœ… Chat room created with ID: 131, title: "why is berlin rent so expensive?"
âœ… dialogueType: free
Broadcasting room-created event
 POST /api/rooms 201 in 71ms
 âœ“ Compiled /api/npc/get in 349ms
ðŸ” Fetching NPC details for ID: socrates
ðŸ”„ Trying backend API at http://0.0.0.0:8000/api/npc/get?id=socrates
âœ… Got NPC details from backend: Socrates
 GET /api/npc/get?id=socrates 200 in 391ms
ðŸ” Fetching NPC details for ID: camus
ðŸ”„ Trying backend API at http://0.0.0.0:8000/api/npc/get?id=camus
âœ… Got NPC details from backend: Albert Camus
 GET /api/npc/get?id=camus 200 in 17ms
ðŸ” Fetching NPC details for ID: buddha
ðŸ”„ Trying backend API at http://0.0.0.0:8000/api/npc/get?id=buddha
âœ… Got NPC details from backend: Buddha (Siddhartha Gautama)
 GET /api/npc/get?id=buddha 200 in 17ms
 âœ“ Compiled /api/messages in 179ms
ðŸ”„ Processing message POST request
Message details - RoomID: 131, IsInitial: true
Sender: Socrates, Length: 139
ðŸ”„ Saving message to room 131
Message: To understand "why is berlin rent so expensive?", we must first examine our assumptions. What do you...
Sender: Socrates, isInitial: true
ðŸ” Trying to find room with roomId (direct DB access): 131, 131, 131
âœ… Found room with roomId 131 using mongoose model
Initialized empty messages array for room
Before initial message processing, room has 0 messages
Removed 0 messages during initial message processing
Added new message from Socrates, room now has 1 messages
MongoDB update result: matched=1, modified=1
âœ… Message saved to room 131
 POST /api/messages 200 in 222ms
 âœ“ Compiled /chat in 456ms
 GET /chat?id=131 200 in 480ms
ðŸ” Fetching NPC details for ID: socrates
ðŸ”„ Trying backend API at http://0.0.0.0:8000/api/npc/get?id=socrates
âœ… Got NPC details from backend: Socrates
 GET /api/npc/get?id=socrates 200 in 50ms
Socket server already running
 GET /api/socket 304 in 38ms
New client connected: y0ROKLeFBwIHHqrSAAAF
User WhiteTrafficLight joined room 131
 GET /api/user/profile 200 in 71ms
ðŸ” Fetching NPC details for ID: camus
ðŸ”„ Trying backend API at http://0.0.0.0:8000/api/npc/get?id=camus
âœ… Got NPC details from backend: Albert Camus
 GET /api/npc/get?id=camus 200 in 50ms
 GET /api/user/profile 200 in 36ms
ðŸ” Fetching NPC details for ID: socrates
ðŸ”„ Trying backend API at http://0.0.0.0:8000/api/npc/get?id=socrates
âœ… Got NPC details from backend: Socrates
 GET /api/npc/get?id=socrates 200 in 63ms
ðŸ” Fetching NPC details for ID: buddha
ðŸ”„ Trying backend API at http://0.0.0.0:8000/api/npc/get?id=buddha
âœ… Got NPC details from backend: Buddha (Siddhartha Gautama)
 GET /api/npc/get?id=buddha 200 in 24ms
ðŸ” Fetching NPC details for ID: camus
ðŸ”„ Trying backend API at http://0.0.0.0:8000/api/npc/get?id=camus
âœ… Got NPC details from backend: Albert Camus
 GET /api/npc/get?id=camus 200 in 21ms
ðŸ” Fetching NPC details for ID: buddha
ðŸ”„ Trying backend API at http://0.0.0.0:8000/api/npc/get?id=buddha
âœ… Got NPC details from backend: Buddha (Siddhartha Gautama)
 GET /api/npc/get?id=buddha 200 in 15ms
ðŸš¨ socket.id y0ROKLeFBwIHHqrSAAAF send-message RAW data: {
  roomId: 131,
  message: {
    id: 'local-1748433015585',
    text: 'so, why is it fucking expensive?',
    sender: 'WhiteTrafficLight',
    isUser: true,
    timestamp: '2025-05-28T11:50:15.585Z'
  }
}
ðŸš¨ 'send-message' ì´ë²¤íŠ¸ ìˆ˜ì‹  - ë°© ID: 131, ë©”ì‹œì§€: {
  id: 'local-1748433015585',
  text: 'so, why is it fucking expensive?',
  sender: 'WhiteTrafficLight',
  isUser: true,
  timestamp: '2025-05-28T11:50:15.585Z'
}
ðŸ’¾ MongoDBì— ë©”ì‹œì§€ ì €ìž¥ ì¤‘: so, why is it fucking expensiv...
ë©”ì‹œì§€ ì €ìž¥: ID 131ë¥¼ ìˆ«ìž 131ë¡œ ë³€í™˜
âœ… ë©”ì‹œì§€ê°€ MongoDBì— ì €ìž¥ë˜ì—ˆìŠµë‹ˆë‹¤.
ðŸ“¢ ë©”ì‹œì§€ ë¸Œë¡œë“œìºìŠ¤íŠ¸ [ë°© 131]: {"id":"local-1748433015585","text":"so, why is it fuckin...","sender":"WhiteTrafficLight"}
ðŸ“Š í˜„ìž¬ ë°©(131)ì— ì—°ê²°ëœ í´ë¼ì´ì–¸íŠ¸ ìˆ˜: 1ëª…
âœ… ë¸Œë¡œë“œìºìŠ¤íŠ¸ ì™„ë£Œ - ë°œì‹ ìž ì œì™¸ ë°©ì†¡
ðŸ¤– AI ì‘ë‹µ ìƒì„± ì¤‘... ë°© ID: 131
DB ì¡°íšŒ: ID 131 (string)ë¥¼ ìˆ«ìž 131 (number)ë¡œ ë³€í™˜í•˜ì—¬ ì¿¼ë¦¬
DB ì¿¼ë¦¬: { roomId: 131 }
DBì—ì„œ ë£¸ ì°¾ìŒ: ID 131 (íƒ€ìž…: ìˆ«ìž)
DB ì¡°íšŒ ê²°ê³¼: ë£¸ ë³€í™˜ ì™„ë£Œ, ID 131 (number)
ðŸ” ìžë™ ëŒ€í™” ëª¨ë“œ í™•ì¸ ê²°ê³¼: ë¹„í™œì„±í™”ë¨
ðŸ” ìžë™ ëŒ€í™” ëª¨ë“œ ë¹„í™œì„±í™” - AI API ìš”ì²­ ì‹œìž‘ - ë°© ID: 131, ë©”ì‹œì§€ ìˆ˜: 1
ðŸ“¤ API ìš”ì²­ íŽ˜ì´ë¡œë“œ: {"room_id":"131","user_message":"so, why is it fucking expensive?","npcs":["socrates","camus","buddha"],"topic":"why is berlin rent so expensive?","context":"..."}
ðŸ”— Python API URL: http://localhost:8000/api/chat/generate
Socket API POST ìš”ì²­ ë°›ìŒ: {
  action: 'broadcast',
  room: '131',
  event: 'npc-selected',
  data: { npc_id: 'camus' }
}
ðŸ“¢ ë¸Œë¡œë“œìºìŠ¤íŠ¸ ìš”ì²­ - ë°©: 131, ì´ë²¤íŠ¸: npc-selected
âœ… ë¸Œë¡œë“œìºìŠ¤íŠ¸ ì™„ë£Œ - 131 ë°©ì˜ ëª¨ë“  í´ë¼ì´ì–¸íŠ¸ì—ê²Œ npc-selected ì´ë²¤íŠ¸ ì „ì†¡ë¨
 POST /api/socket 200 in 10ms
ðŸ” Python API ì‘ë‹µ ìƒíƒœ: 200 OK
ðŸ“¥ Python API ì‘ë‹µ ë°ì´í„°: {"response":"The absurdity of exorbitant rents reflects the complex interplay between economic forces and human aspirations. In Berlin, a city once divided by history, the relentless rise in rent pric...
ðŸ“š ì¸ìš© ì •ë³´ 0ê°œ ë°œê²¬: []
ë©”ì‹œì§€ ì €ìž¥: ID 131ë¥¼ ìˆ«ìž 131ë¡œ ë³€í™˜
âœ… AI ë©”ì‹œì§€(ai-1748433019645)ê°€ MongoDBì— ì €ìž¥ë˜ì—ˆìŠµë‹ˆë‹¤.
âœ… AI ì‘ë‹µ ë¸Œë¡œë“œìºìŠ¤íŠ¸ ì™„ë£Œ - ëª¨ë“  í´ë¼ì´ì–¸íŠ¸ì—ê²Œ ì „ì†¡ë¨
ðŸš¨ socket.id y0ROKLeFBwIHHqrSAAAF send-message RAW data: {
  roomId: 131,
  message: {
    id: 'local-1748433079109',
    text: 'buddaha. what do you think?',
    sender: 'WhiteTrafficLight',
    isUser: true,
    timestamp: '2025-05-28T11:51:19.109Z'
  }
}
ðŸš¨ 'send-message' ì´ë²¤íŠ¸ ìˆ˜ì‹  - ë°© ID: 131, ë©”ì‹œì§€: {
  id: 'local-1748433079109',
  text: 'buddaha. what do you think?',
  sender: 'WhiteTrafficLight',
  isUser: true,
  timestamp: '2025-05-28T11:51:19.109Z'
}
ðŸ’¾ MongoDBì— ë©”ì‹œì§€ ì €ìž¥ ì¤‘: buddaha. what do you think?...
ë©”ì‹œì§€ ì €ìž¥: ID 131ë¥¼ ìˆ«ìž 131ë¡œ ë³€í™˜
âœ… ë©”ì‹œì§€ê°€ MongoDBì— ì €ìž¥ë˜ì—ˆìŠµë‹ˆë‹¤.
ðŸ“¢ ë©”ì‹œì§€ ë¸Œë¡œë“œìºìŠ¤íŠ¸ [ë°© 131]: {"id":"local-1748433079109","text":"buddaha. what do you...","sender":"WhiteTrafficLight"}
ðŸ“Š í˜„ìž¬ ë°©(131)ì— ì—°ê²°ëœ í´ë¼ì´ì–¸íŠ¸ ìˆ˜: 1ëª…
âœ… ë¸Œë¡œë“œìºìŠ¤íŠ¸ ì™„ë£Œ - ë°œì‹ ìž ì œì™¸ ë°©ì†¡
ðŸ¤– AI ì‘ë‹µ ìƒì„± ì¤‘... ë°© ID: 131
DB ì¡°íšŒ: ID 131 (string)ë¥¼ ìˆ«ìž 131 (number)ë¡œ ë³€í™˜í•˜ì—¬ ì¿¼ë¦¬
DB ì¿¼ë¦¬: { roomId: 131 }
DBì—ì„œ ë£¸ ì°¾ìŒ: ID 131 (íƒ€ìž…: ìˆ«ìž)
DB ì¡°íšŒ ê²°ê³¼: ë£¸ ë³€í™˜ ì™„ë£Œ, ID 131 (number)
ðŸ” ìžë™ ëŒ€í™” ëª¨ë“œ í™•ì¸ ê²°ê³¼: ë¹„í™œì„±í™”ë¨
ðŸ” ìžë™ ëŒ€í™” ëª¨ë“œ ë¹„í™œì„±í™” - AI API ìš”ì²­ ì‹œìž‘ - ë°© ID: 131, ë©”ì‹œì§€ ìˆ˜: 3
ðŸ“¤ API ìš”ì²­ íŽ˜ì´ë¡œë“œ: {"room_id":"131","user_message":"buddaha. what do you think?","npcs":["socrates","camus","buddha"],"topic":"why is berlin rent so expensive?","context":"..."}
ðŸ”— Python API URL: http://localhost:8000/api/chat/generate
Socket API POST ìš”ì²­ ë°›ìŒ: {
  action: 'broadcast',
  room: '131',
  event: 'npc-selected',
  data: { npc_id: 'buddha' }
}
ðŸ“¢ ë¸Œë¡œë“œìºìŠ¤íŠ¸ ìš”ì²­ - ë°©: 131, ì´ë²¤íŠ¸: npc-selected
âœ… ë¸Œë¡œë“œìºìŠ¤íŠ¸ ì™„ë£Œ - 131 ë°©ì˜ ëª¨ë“  í´ë¼ì´ì–¸íŠ¸ì—ê²Œ npc-selected ì´ë²¤íŠ¸ ì „ì†¡ë¨
 POST /api/socket 200 in 7ms
ðŸ” Python API ì‘ë‹µ ìƒíƒœ: 200 OK
ðŸ“¥ Python API ì‘ë‹µ ë°ì´í„°: {"response":"The rise in Berlin's rent reflects the impermanent nature of worldly desires and attachments. Craving for profit and possessions leads to suffering, not only for individuals but for socie...
ðŸ“š ì¸ìš© ì •ë³´ 0ê°œ ë°œê²¬: []
ë©”ì‹œì§€ ì €ìž¥: ID 131ë¥¼ ìˆ«ìž 131ë¡œ ë³€í™˜
âœ… AI ë©”ì‹œì§€(ai-1748433082323)ê°€ MongoDBì— ì €ìž¥ë˜ì—ˆìŠµë‹ˆë‹¤.
âœ… AI ì‘ë‹µ ë¸Œë¡œë“œìºìŠ¤íŠ¸ ì™„ë£Œ - ëª¨ë“  í´ë¼ì´ì–¸íŠ¸ì—ê²Œ ì „ì†¡ë¨
 GET /open-chat 200 in 71ms
 GET /api/user/profile 200 in 41ms
 GET /api/npc/list 200 in 41ms
Socket server already running
 GET /api/socket 304 in 14ms
 GET /api/user/profile 200 in 25ms
New client connected: pk3QOsTZbNSg360RAAAH
 GET /api/npc/list 200 in 29ms
Socket server already running
 GET /api/socket 304 in 9ms
GET ìš”ì²­ ì²˜ë¦¬ - ì¿¼ë¦¬: {}
New client connected: D2VcxLNGK-BXK0kIAAAJ
 GET /api/rooms 200 in 22ms
GET ìš”ì²­ ì²˜ë¦¬ - ì¿¼ë¦¬: {}
 GET /api/rooms 304 in 15ms
 GET /api/npc/list 200 in 50ms
 GET /api/npc/list 200 in 15ms
 âœ“ Compiled /podcast in 449ms
 GET /podcast 200 in 476ms
 âœ“ Compiled /api/podcast/list in 194ms
 GET /api/podcast/list 200 in 220ms
 GET /api/podcast/list 200 in 15ms
Client disconnected: AbZ3yQWlDVCOh_FFAAAB
Client disconnected: y0ROKLeFBwIHHqrSAAAF
Client disconnected: pk3QOsTZbNSg360RAAAH
Client disconnected: D2VcxLNGK-BXK0kIAAAJ
Client disconnected: oU0pRiYRkK10IYN3AAAD
New client connected: 6xAlBhxHew0n4FeTAAAL
New client connected: Naj642LX_ZRPzDeEAAAN
New client connected: L6P4Y_VU_0O0jCXdAAAR
New client connected: 0cAaxgWN9nu9a7XYAAAS
New client connected: O3VE2dgf18eWyTHoAAAT
Client disconnected: O3VE2dgf18eWyTHoAAAT
Client disconnected: 6xAlBhxHew0n4FeTAAAL
Client disconnected: Naj642LX_ZRPzDeEAAAN
Client disconnected: L6P4Y_VU_0O0jCXdAAAR
Client disconnected: 0cAaxgWN9nu9a7XYAAAS
New client connected: GIkpc6peURiGVb9oAAAW
New client connected: VN1nglqbp92IVMEaAAAX
New client connected: rt50LPtmHzR3eGWnAAAb
New client connected: ntxNWn3ET4cIgVzqAAAc
New client connected: guz818p62msNqIbYAAAd
Client disconnected: guz818p62msNqIbYAAAd
Client disconnected: GIkpc6peURiGVb9oAAAW
Client disconnected: VN1nglqbp92IVMEaAAAX
Client disconnected: rt50LPtmHzR3eGWnAAAb
Client disconnected: ntxNWn3ET4cIgVzqAAAc
New client connected: cp63JBk3YRxn4OSIAAAj
New client connected: rzNJhh8Yo9IWnzcWAAAk
New client connected: wuMrSyg_Pu3qXyrTAAAl
New client connected: qIYX8McrbnW79br-AAAm
New client connected: aEHsLUFNn-nnJSnhAAAn
Client disconnected: qIYX8McrbnW79br-AAAm
Client disconnected: rzNJhh8Yo9IWnzcWAAAk
Client disconnected: cp63JBk3YRxn4OSIAAAj
Client disconnected: wuMrSyg_Pu3qXyrTAAAl
Client disconnected: aEHsLUFNn-nnJSnhAAAn
New client connected: d5vv4qNbue-TDwrzAAAp
New client connected: iDdoe1uIbeDWWhxiAAAs
New client connected: XnlAvvw4phlTF9oqAAAt
New client connected: r-JjkQ7L3e17HqhRAAAw
New client connected: OGYPeA0tdrTcOR4oAAAx
Client disconnected: OGYPeA0tdrTcOR4oAAAx
Client disconnected: iDdoe1uIbeDWWhxiAAAs
Client disconnected: d5vv4qNbue-TDwrzAAAp
Client disconnected: XnlAvvw4phlTF9oqAAAt
Client disconnected: r-JjkQ7L3e17HqhRAAAw
New client connected: fecvOx04JVL3iFGoAAA1
New client connected: rp8gaOOLIsyJf23CAAA3
New client connected: AYUFK8tU1rJ-WdJrAAA4
New client connected: J_LJv-tu5pJcUc87AAA6
New client connected: nJTA46W6KJfHo-LuAAA7
Client disconnected: nJTA46W6KJfHo-LuAAA7
Client disconnected: rp8gaOOLIsyJf23CAAA3
Client disconnected: fecvOx04JVL3iFGoAAA1
Client disconnected: AYUFK8tU1rJ-WdJrAAA4
Client disconnected: J_LJv-tu5pJcUc87AAA6
New client connected: tEIK0ijaZCA827grAAA-
New client connected: 9JyYkWfvtyM7SZORAAA_
New client connected: QohU8CBiU9wYKMFOAABD
New client connected: 7K6RCk-Y6ZM1fweTAABE
New client connected: ICiWvFJBPGeNh2Z6AABF
Client disconnected: ICiWvFJBPGeNh2Z6AABF
Client disconnected: tEIK0ijaZCA827grAAA-
Client disconnected: 9JyYkWfvtyM7SZORAAA_
Client disconnected: QohU8CBiU9wYKMFOAABD
Client disconnected: 7K6RCk-Y6ZM1fweTAABE
New client connected: aplFNbFx6HlyN_PVAABI
New client connected: GdveCbkiGRZLSpoGAABJ
New client connected: BA0zQAbdUAcb1jTgAABM
New client connected: Cyqbtugr8eeWqCKiAABO
New client connected: oLJBciDuGs1rWc_gAABP
Client disconnected: Cyqbtugr8eeWqCKiAABO
Client disconnected: aplFNbFx6HlyN_PVAABI
Client disconnected: oLJBciDuGs1rWc_gAABP
Client disconnected: GdveCbkiGRZLSpoGAABJ
Client disconnected: BA0zQAbdUAcb1jTgAABM
New client connected: kPM5Zd2Ogfk-9YyVAABR
New client connected: w0gEcnP3-vMUDDWNAABU
New client connected: W2Zzgcg-rjONGy3aAABX
New client connected: 6HpxRdkKza60l-RmAABY
New client connected: 2XlgW46DBuS-Y_IIAABZ
 GET /api/auth/session 200 in 214ms
 GET /api/user/profile 200 in 452ms
Client disconnected: 6HpxRdkKza60l-RmAABY
Client disconnected: kPM5Zd2Ogfk-9YyVAABR
Client disconnected: W2Zzgcg-rjONGy3aAABX
Client disconnected: 2XlgW46DBuS-Y_IIAABZ
Client disconnected: w0gEcnP3-vMUDDWNAABU
New client connected: mFj0pFg5pffqGnSgAABb
New client connected: kbmVusXBVpn3NxaoAABe
New client connected: JUtBOzPMdjmJNW8OAABf
New client connected: skeCuVgMJDGp4mmnAABi
New client connected: 3I3ZkYvRQtjiLnehAABj
Client disconnected: kbmVusXBVpn3NxaoAABe
Client disconnected: JUtBOzPMdjmJNW8OAABf
Client disconnected: skeCuVgMJDGp4mmnAABi
Client disconnected: 3I3ZkYvRQtjiLnehAABj
Client disconnected: mFj0pFg5pffqGnSgAABb
New client connected: jN3wTk73FjbdZo2FAABm
New client connected: Pdu5J8DBPzU3Bm0-AABn
New client connected: 2XB8pYcBw7vpHHK4AABr
New client connected: KsY_CKXe9wMRwjcOAABs
New client connected: 3W900DjW4vFq_i8uAABt
Client disconnected: jN3wTk73FjbdZo2FAABm
Client disconnected: Pdu5J8DBPzU3Bm0-AABn
Client disconnected: 2XB8pYcBw7vpHHK4AABr
Client disconnected: KsY_CKXe9wMRwjcOAABs
Client disconnected: 3W900DjW4vFq_i8uAABt
New client connected: TL9pNjQIy0pQyUN4AABw
New client connected: oyJ2zdJe_xDMqkTkAABx
New client connected: eM4u5Sx8DCZrqniqAAB0
New client connected: 0whlDEzSJpjZzYggAAB2
New client connected: APwV-i7VUoE922-XAAB3
Client disconnected: APwV-i7VUoE922-XAAB3
Client disconnected: TL9pNjQIy0pQyUN4AABw
Client disconnected: oyJ2zdJe_xDMqkTkAABx
Client disconnected: eM4u5Sx8DCZrqniqAAB0
Client disconnected: 0whlDEzSJpjZzYggAAB2
New client connected: G7Yld7KnE0V7TLiNAAB5
New client connected: aw66sCcXCSc2rkpQAAB8
New client connected: bhbp-jm45uH1eUZSAAB9
New client connected: fGidtj6qNN6pvlYEAACA
New client connected: 2mw9y89RWXTO_GGTAACB
Client disconnected: 2mw9y89RWXTO_GGTAACB
Client disconnected: G7Yld7KnE0V7TLiNAAB5
Client disconnected: aw66sCcXCSc2rkpQAAB8
Client disconnected: bhbp-jm45uH1eUZSAAB9
Client disconnected: fGidtj6qNN6pvlYEAACA
New client connected: KLvvcrZNRKQvBEVzAACF
New client connected: E2PAGmB0ZeW5GJBCAACG
New client connected: fQQrsJJHvV3JCnkaAACJ
New client connected: JmiYM1PbzAG-gDSyAACK
New client connected: P4H5IYnvAN0rYgXyAACL
Client disconnected: fQQrsJJHvV3JCnkaAACJ
Client disconnected: JmiYM1PbzAG-gDSyAACK
Client disconnected: P4H5IYnvAN0rYgXyAACL
Client disconnected: KLvvcrZNRKQvBEVzAACF
Client disconnected: E2PAGmB0ZeW5GJBCAACG
New client connected: tqy0DtZguY-mb2_cAACN
New client connected: 5QdxIfkrK2d2XVgkAACP
New client connected: zY2wrvnhBc8xDWkuAACT
New client connected: M8Yjud-XFQcxSNtnAACU
New client connected: gg3nJzIXeOS4ZCQrAACV
Client disconnected: tqy0DtZguY-mb2_cAACN
Client disconnected: 5QdxIfkrK2d2XVgkAACP
Client disconnected: zY2wrvnhBc8xDWkuAACT
Client disconnected: M8Yjud-XFQcxSNtnAACU
Client disconnected: gg3nJzIXeOS4ZCQrAACV
New client connected: E5lSvvUNID_4FxyzAACY
New client connected: a2BpPR_H3M4XmU1oAACZ
New client connected: 79VnRZaqwQLPvKrRAACd
New client connected: hRHZEViBlBCVmOmQAACe
New client connected: AhvRa_Wo3GSFe1woAACf
Client disconnected: 79VnRZaqwQLPvKrRAACd
Client disconnected: hRHZEViBlBCVmOmQAACe
Client disconnected: E5lSvvUNID_4FxyzAACY
Client disconnected: a2BpPR_H3M4XmU1oAACZ
Client disconnected: AhvRa_Wo3GSFe1woAACf
New client connected: UiymGptAbdbiG-d0AACk
New client connected: etytmCl2fYWIRgBOAACl
New client connected: wUtszr_4evagJMe3AACm
New client connected: r6bYLh9CTlcB7nHhAACn
New client connected: sjO93b00ARzyvJrzAACp
[?25h
npm notice
npm notice New minor version of npm available! 11.0.0 -> 11.4.1
npm notice Changelog: https://github.com/npm/cli/releases/tag/v11.4.1
npm notice To update run: npm install -g npm@11.4.1
npm notice
